<?xml version="1.0" encoding="UTF-8"?>
<!-- Generated by org.testng.reporters.JUnitXMLReporter -->
<testsuite ignored="0" hostname="DESKTOP-8QOS5T5" failures="0" tests="5" name="Test" time="5.068" errors="0" timestamp="2025-04-04T20:56:10 GMT-04:00">
  <testcase classname="TestCases.TC_VideoGameAPI" name="test_getAllVideoGame" time="2.922"/>
  <testcase classname="TestCases.TC_VideoGameAPI" name="test_addNewVideoGame" time="0.811"/>
  <testcase classname="TestCases.TC_VideoGameAPI" name="tset_getVideoGame" time="1.037"/>
  <testcase classname="TestCases.TC_VideoGameAPI" name="test_updateVideoGame" time="0.12"/>
  <testcase classname="TestCases.TC_VideoGameAPI" name="test_deleteVideoGame" time="0.037"/>
</testsuite> <!-- Test -->
