<?xml version="1.0" encoding="UTF-8"?>
<testng-results ignored="0" total="5" passed="5" failed="0" skipped="0">
  <reporter-output>
  </reporter-output>
  <suite started-at="2025-04-04T20:56:05 GMT-04:00" name="Suite" finished-at="2025-04-04T20:56:10 GMT-04:00" duration-ms="5068">
    <groups>
    </groups>
    <test started-at="2025-04-04T20:56:05 GMT-04:00" name="Test" finished-at="2025-04-04T20:56:10 GMT-04:00" duration-ms="5068">
      <class name="TestCases.TC_VideoGameAPI">
        <test-method signature="test_getAllVideoGame()[pri:1, instance:TestCases.TC_VideoGameAPI@7e07db1f]" started-at="2025-04-04T20:56:05 GMT-04:00" name="test_getAllVideoGame" finished-at="2025-04-04T20:56:08 GMT-04:00" duration-ms="2922" status="PASS">
          <reporter-output>
          </reporter-output>
        </test-method> <!-- test_getAllVideoGame -->
        <test-method signature="test_addNewVideoGame()[pri:2, instance:TestCases.TC_VideoGameAPI@7e07db1f]" started-at="2025-04-04T20:56:08 GMT-04:00" name="test_addNewVideoGame" finished-at="2025-04-04T20:56:09 GMT-04:00" duration-ms="811" status="PASS">
          <reporter-output>
          </reporter-output>
        </test-method> <!-- test_addNewVideoGame -->
        <test-method signature="tset_getVideoGame()[pri:3, instance:TestCases.TC_VideoGameAPI@7e07db1f]" started-at="2025-04-04T20:56:09 GMT-04:00" name="tset_getVideoGame" finished-at="2025-04-04T20:56:10 GMT-04:00" duration-ms="1037" status="PASS">
          <reporter-output>
          </reporter-output>
        </test-method> <!-- tset_getVideoGame -->
        <test-method signature="test_updateVideoGame()[pri:4, instance:TestCases.TC_VideoGameAPI@7e07db1f]" started-at="2025-04-04T20:56:10 GMT-04:00" name="test_updateVideoGame" finished-at="2025-04-04T20:56:10 GMT-04:00" duration-ms="120" status="PASS">
          <reporter-output>
          </reporter-output>
        </test-method> <!-- test_updateVideoGame -->
        <test-method signature="test_deleteVideoGame()[pri:5, instance:TestCases.TC_VideoGameAPI@7e07db1f]" started-at="2025-04-04T20:56:10 GMT-04:00" name="test_deleteVideoGame" finished-at="2025-04-04T20:56:10 GMT-04:00" duration-ms="37" status="PASS">
          <reporter-output>
          </reporter-output>
        </test-method> <!-- test_deleteVideoGame -->
      </class> <!-- TestCases.TC_VideoGameAPI -->
    </test> <!-- Test -->
  </suite> <!-- Suite -->
</testng-results>
